Fri Mar 13 11:08:20 2015
Reading DXF/DWG file "Z:/Altium/Projects/ANT_PIFA_CPW_1/Project Outputs for ANT_PIFA_CPW_1/ANT_PIFA_CPW_1_PCB.DXF".

Warnings occurred during DXF/DWG file load:

ERROR: Error adding outline as polygon.Points for polygon contains coincident or collinear vertices
ERROR: Error adding outline as polygon.Points for polygon contains coincident or collinear vertices
ERROR: Error adding outline as polygon.Points for polygon contains coincident or collinear vertices
ERROR: Error adding outline as polygon.Points for polygon contains coincident or collinear vertices
ERROR: Error adding outline as polygon.Points for polygon contains coincident or collinear vertices
ERROR: Error adding outline as polygon.Points for polygon contains coincident or collinear vertices
ERROR: Error adding outline as polygon.Points for polygon contains coincident or collinear vertices
ERROR: Error adding outline as polygon.Points for polygon contains coincident or collinear vertices
ERROR: Error adding outline as polygon.Points for polygon contains coincident or collinear vertices
ERROR: Error adding outline as polygon.Points for polygon contains coincident or collinear vertices
ERROR: Error adding outline as polygon.Points for polygon contains coincident or collinear vertices
ERROR: Error adding outline as polygon.Points for polygon contains coincident or collinear vertices
ERROR: Error adding outline as polygon.Points for polygon contains coincident or collinear vertices
ERROR: Error adding outline as polygon.Points for polygon contains coincident or collinear vertices
ERROR: Error adding outline as polygon.Points for polygon contains coincident or collinear vertices
ERROR: Error adding outline as polygon.Points for polygon contains coincident or collinear vertices
ERROR: Error adding outline as polygon.Points for polygon contains coincident or collinear vertices
ERROR: Error adding outline as polygon.Points for polygon contains coincident or collinear vertices
ERROR: Error adding outline as polygon.Points for polygon contains coincident or collinear vertices
ERROR: Error adding outline as polygon.Points for polygon contains coincident or collinear vertices
ERROR: Error adding outline as polygon.Points for polygon contains coincident or collinear vertices
ERROR: Error adding outline as polygon.Points for polygon contains coincident or collinear vertices
ERROR: Error adding outline as polygon.Points for polygon contains coincident or collinear vertices
ERROR: Error adding outline as polygon.Points for polygon contains coincident or collinear vertices

Import Complete
